{"/Users/sofyan.ahmad/Projects/mandalalabs/magishift.core/packages/keycloak/src/index.ts": {"path":"/Users/sofyan.ahmad/Projects/mandalalabs/magishift.core/packages/keycloak/src/index.ts","statementMap":{"0":{"start":{"line":1,"column":0},"end":{"line":1,"column":38}},"1":{"start":{"line":2,"column":0},"end":{"line":2,"column":34}},"2":{"start":{"line":3,"column":0},"end":{"line":3,"column":35}},"3":{"start":{"line":5,"column":0},"end":{"line":5,"column":52}}},"fnMap":{},"branchMap":{},"s":{"0":1,"1":1,"2":1,"3":1},"f":{},"b":{}}
,"/Users/sofyan.ahmad/Projects/mandalalabs/magishift.core/packages/keycloak/src/keycloak.controller.ts": {"path":"/Users/sofyan.ahmad/Projects/mandalalabs/magishift.core/packages/keycloak/src/keycloak.controller.ts","statementMap":{"0":{"start":{"line":1,"column":0},"end":{"line":1,"column":51}},"1":{"start":{"line":2,"column":0},"end":{"line":2,"column":56}},"2":{"start":{"line":3,"column":0},"end":{"line":3,"column":45}},"3":{"start":{"line":4,"column":0},"end":{"line":4,"column":53}},"4":{"start":{"line":8,"column":0},"end":{"line":28,"column":null}},"5":{"start":{"line":9,"column":33},"end":{"line":9,"column":42}},"6":{"start":{"line":13,"column":4},"end":{"line":17,"column":null}},"7":{"start":{"line":14,"column":6},"end":{"line":14,"column":46}},"8":{"start":{"line":16,"column":6},"end":{"line":16,"column":33}},"9":{"start":{"line":22,"column":4},"end":{"line":26,"column":null}},"10":{"start":{"line":23,"column":6},"end":{"line":23,"column":43}},"11":{"start":{"line":25,"column":6},"end":{"line":25,"column":33}},"12":{"start":{"line":12,"column":2},"end":{"line":18,"column":null}},"13":{"start":{"line":21,"column":2},"end":{"line":27,"column":null}},"14":{"start":{"line":8,"column":13},"end":{"line":28,"column":null}},"15":{"start":{"line":8,"column":13},"end":{"line":8,"column":31}}},"fnMap":{"0":{"name":"(anonymous_4)","decl":{"start":{"line":9,"column":2},"end":{"line":9,"column":33}},"loc":{"start":{"line":9,"column":57},"end":{"line":9,"column":61}}},"1":{"name":"(anonymous_5)","decl":{"start":{"line":12,"column":2},"end":{"line":12,"column":14}},"loc":{"start":{"line":12,"column":14},"end":{"line":18,"column":3}}},"2":{"name":"(anonymous_6)","decl":{"start":{"line":21,"column":2},"end":{"line":21,"column":8}},"loc":{"start":{"line":21,"column":38},"end":{"line":27,"column":3}}}},"branchMap":{},"s":{"0":1,"1":1,"2":1,"3":1,"4":1,"5":1,"6":1,"7":1,"8":0,"9":1,"10":1,"11":0,"12":1,"13":1,"14":1,"15":1},"f":{"0":1,"1":1,"2":1},"b":{}}
,"/Users/sofyan.ahmad/Projects/mandalalabs/magishift.core/packages/keycloak/src/keycloak.module.ts": {"path":"/Users/sofyan.ahmad/Projects/mandalalabs/magishift.core/packages/keycloak/src/keycloak.module.ts","statementMap":{"0":{"start":{"line":1,"column":0},"end":{"line":1,"column":45}},"1":{"start":{"line":2,"column":0},"end":{"line":2,"column":68}},"2":{"start":{"line":3,"column":0},"end":{"line":3,"column":48}},"3":{"start":{"line":4,"column":0},"end":{"line":4,"column":34}},"4":{"start":{"line":5,"column":0},"end":{"line":5,"column":59}},"5":{"start":{"line":6,"column":0},"end":{"line":6,"column":53}},"6":{"start":{"line":8,"column":19},"end":{"line":10,"column":2}},"7":{"start":{"line":12,"column":0},"end":{"line":12,"column":44}},"8":{"start":{"line":14,"column":41},"end":{"line":17,"column":2}},"9":{"start":{"line":26,"column":0},"end":{"line":26,"column":null}},"10":{"start":{"line":26,"column":13},"end":{"line":26,"column":null}},"11":{"start":{"line":26,"column":13},"end":{"line":26,"column":27}}},"fnMap":{},"branchMap":{},"s":{"0":1,"1":1,"2":1,"3":1,"4":1,"5":1,"6":1,"7":1,"8":1,"9":1,"10":1,"11":1},"f":{},"b":{}}
,"/Users/sofyan.ahmad/Projects/mandalalabs/magishift.core/packages/keycloak/src/keycloak.service.ts": {"path":"/Users/sofyan.ahmad/Projects/mandalalabs/magishift.core/packages/keycloak/src/keycloak.service.ts","statementMap":{"0":{"start":{"line":1,"column":0},"end":{"line":1,"column":46}},"1":{"start":{"line":2,"column":0},"end":{"line":2,"column":48}},"2":{"start":{"line":3,"column":0},"end":{"line":3,"column":44}},"3":{"start":{"line":4,"column":0},"end":{"line":4,"column":59}},"4":{"start":{"line":6,"column":0},"end":{"line":6,"column":37}},"5":{"start":{"line":7,"column":0},"end":{"line":7,"column":49}},"6":{"start":{"line":11,"column":0},"end":{"line":11,"column":29}},"7":{"start":{"line":12,"column":0},"end":{"line":12,"column":34}},"8":{"start":{"line":38,"column":28},"end":{"line":318,"column":null}},"9":{"start":{"line":70,"column":31},"end":{"line":70,"column":44}},"10":{"start":{"line":70,"column":74},"end":{"line":70,"column":88}},"11":{"start":{"line":71,"column":4},"end":{"line":95,"column":null}},"12":{"start":{"line":72,"column":6},"end":{"line":79,"column":8}},"13":{"start":{"line":81,"column":6},"end":{"line":84,"column":9}},"14":{"start":{"line":86,"column":6},"end":{"line":86,"column":66}},"15":{"start":{"line":87,"column":6},"end":{"line":87,"column":74}},"16":{"start":{"line":89,"column":6},"end":{"line":89,"column":115}},"17":{"start":{"line":90,"column":6},"end":{"line":90,"column":80}},"18":{"start":{"line":92,"column":6},"end":{"line":92,"column":55}},"19":{"start":{"line":94,"column":6},"end":{"line":94,"column":72}},"20":{"start":{"line":46,"column":4},"end":{"line":46,"column":42}},"21":{"start":{"line":48,"column":4},"end":{"line":62,"column":null}},"22":{"start":{"line":49,"column":6},"end":{"line":54,"column":9}},"23":{"start":{"line":56,"column":6},"end":{"line":56,"column":33}},"24":{"start":{"line":58,"column":6},"end":{"line":61,"column":8}},"25":{"start":{"line":99,"column":4},"end":{"line":107,"column":6}},"26":{"start":{"line":111,"column":4},"end":{"line":111,"column":64}},"27":{"start":{"line":115,"column":19},"end":{"line":115,"column":86}},"28":{"start":{"line":117,"column":4},"end":{"line":117,"column":18}},"29":{"start":{"line":121,"column":19},"end":{"line":121,"column":89}},"30":{"start":{"line":123,"column":4},"end":{"line":123,"column":21}},"31":{"start":{"line":127,"column":19},"end":{"line":127,"column":86}},"32":{"start":{"line":129,"column":4},"end":{"line":129,"column":21}},"33":{"start":{"line":133,"column":19},"end":{"line":133,"column":100}},"34":{"start":{"line":135,"column":4},"end":{"line":135,"column":18}},"35":{"start":{"line":139,"column":4},"end":{"line":139,"column":79}},"36":{"start":{"line":143,"column":4},"end":{"line":143,"column":76}},"37":{"start":{"line":147,"column":4},"end":{"line":147,"column":77}},"38":{"start":{"line":151,"column":25},"end":{"line":151,"column":62}},"39":{"start":{"line":153,"column":24},"end":{"line":153,"column":91}},"40":{"start":{"line":154,"column":4},"end":{"line":156,"column":null}},"41":{"start":{"line":155,"column":6},"end":{"line":155,"column":107}},"42":{"start":{"line":158,"column":21},"end":{"line":158,"column":88}},"43":{"start":{"line":159,"column":4},"end":{"line":161,"column":null}},"44":{"start":{"line":160,"column":6},"end":{"line":160,"column":94}},"45":{"start":{"line":165,"column":4},"end":{"line":169,"column":null}},"46":{"start":{"line":166,"column":6},"end":{"line":166,"column":93}},"47":{"start":{"line":168,"column":6},"end":{"line":168,"column":70}},"48":{"start":{"line":173,"column":4},"end":{"line":173,"column":83}},"49":{"start":{"line":177,"column":4},"end":{"line":177,"column":87}},"50":{"start":{"line":181,"column":4},"end":{"line":186,"column":null}},"51":{"start":{"line":182,"column":21},"end":{"line":182,"column":88}},"52":{"start":{"line":183,"column":6},"end":{"line":183,"column":20}},"53":{"start":{"line":185,"column":6},"end":{"line":185,"column":87}},"54":{"start":{"line":190,"column":4},"end":{"line":195,"column":null}},"55":{"start":{"line":191,"column":21},"end":{"line":191,"column":97}},"56":{"start":{"line":192,"column":6},"end":{"line":192,"column":20}},"57":{"start":{"line":194,"column":6},"end":{"line":194,"column":87}},"58":{"start":{"line":204,"column":4},"end":{"line":204,"column":83}},"59":{"start":{"line":208,"column":4},"end":{"line":208,"column":79}},"60":{"start":{"line":212,"column":4},"end":{"line":229,"column":null}},"61":{"start":{"line":213,"column":26},"end":{"line":213,"column":70}},"62":{"start":{"line":215,"column":21},"end":{"line":223,"column":null}},"63":{"start":{"line":226,"column":6},"end":{"line":226,"column":20}},"64":{"start":{"line":228,"column":6},"end":{"line":228,"column":70}},"65":{"start":{"line":233,"column":4},"end":{"line":249,"column":null}},"66":{"start":{"line":234,"column":21},"end":{"line":239,"column":null}},"67":{"start":{"line":242,"column":44},"end":{"line":242,"column":96}},"68":{"start":{"line":244,"column":6},"end":{"line":244,"column":47}},"69":{"start":{"line":246,"column":6},"end":{"line":246,"column":89}},"70":{"start":{"line":248,"column":6},"end":{"line":248,"column":70}},"71":{"start":{"line":253,"column":4},"end":{"line":274,"column":null}},"72":{"start":{"line":254,"column":21},"end":{"line":254,"column":51}},"73":{"start":{"line":256,"column":44},"end":{"line":256,"column":78}},"74":{"start":{"line":258,"column":21},"end":{"line":266,"column":null}},"75":{"start":{"line":269,"column":6},"end":{"line":269,"column":47}},"76":{"start":{"line":271,"column":6},"end":{"line":271,"column":20}},"77":{"start":{"line":273,"column":6},"end":{"line":273,"column":70}},"78":{"start":{"line":278,"column":42},"end":{"line":278,"column":82}},"79":{"start":{"line":280,"column":16},"end":{"line":280,"column":70}},"80":{"start":{"line":282,"column":4},"end":{"line":284,"column":null}},"81":{"start":{"line":283,"column":6},"end":{"line":283,"column":47}},"82":{"start":{"line":286,"column":4},"end":{"line":288,"column":null}},"83":{"start":{"line":287,"column":6},"end":{"line":287,"column":13}},"84":{"start":{"line":290,"column":21},"end":{"line":298,"column":null}},"85":{"start":{"line":301,"column":4},"end":{"line":301,"column":69}},"86":{"start":{"line":305,"column":4},"end":{"line":305,"column":22}},"87":{"start":{"line":306,"column":4},"end":{"line":306,"column":42}},"88":{"start":{"line":310,"column":4},"end":{"line":316,"column":6}},"89":{"start":{"line":38,"column":13},"end":{"line":318,"column":null}},"90":{"start":{"line":38,"column":13},"end":{"line":38,"column":28}}},"fnMap":{"0":{"name":"(anonymous_2)","decl":{"start":{"line":70,"column":2},"end":{"line":70,"column":31}},"loc":{"start":{"line":70,"column":100},"end":{"line":96,"column":3}}},"1":{"name":"(anonymous_3)","decl":{"start":{"line":39,"column":10},"end":{"line":39,"column":16}},"loc":{"start":{"line":44,"column":20},"end":{"line":63,"column":3}}},"2":{"name":"(anonymous_4)","decl":{"start":{"line":98,"column":2},"end":{"line":98,"column":11}},"loc":{"start":{"line":98,"column":25},"end":{"line":108,"column":3}}},"3":{"name":"(anonymous_5)","decl":{"start":{"line":110,"column":2},"end":{"line":110,"column":7}},"loc":{"start":{"line":110,"column":18},"end":{"line":112,"column":3}}},"4":{"name":"(anonymous_6)","decl":{"start":{"line":114,"column":2},"end":{"line":114,"column":7}},"loc":{"start":{"line":114,"column":48},"end":{"line":118,"column":3}}},"5":{"name":"(anonymous_7)","decl":{"start":{"line":120,"column":2},"end":{"line":120,"column":7}},"loc":{"start":{"line":120,"column":56},"end":{"line":124,"column":3}}},"6":{"name":"(anonymous_8)","decl":{"start":{"line":126,"column":2},"end":{"line":126,"column":7}},"loc":{"start":{"line":126,"column":54},"end":{"line":130,"column":3}}},"7":{"name":"(anonymous_9)","decl":{"start":{"line":132,"column":2},"end":{"line":132,"column":7}},"loc":{"start":{"line":132,"column":49},"end":{"line":136,"column":3}}},"8":{"name":"(anonymous_10)","decl":{"start":{"line":138,"column":2},"end":{"line":138,"column":7}},"loc":{"start":{"line":138,"column":34},"end":{"line":140,"column":3}}},"9":{"name":"(anonymous_11)","decl":{"start":{"line":142,"column":2},"end":{"line":142,"column":7}},"loc":{"start":{"line":142,"column":61},"end":{"line":144,"column":3}}},"10":{"name":"(anonymous_12)","decl":{"start":{"line":146,"column":2},"end":{"line":146,"column":7}},"loc":{"start":{"line":146,"column":73},"end":{"line":148,"column":3}}},"11":{"name":"(anonymous_13)","decl":{"start":{"line":150,"column":2},"end":{"line":150,"column":7}},"loc":{"start":{"line":150,"column":81},"end":{"line":162,"column":3}}},"12":{"name":"(anonymous_14)","decl":{"start":{"line":164,"column":2},"end":{"line":164,"column":7}},"loc":{"start":{"line":164,"column":70},"end":{"line":170,"column":3}}},"13":{"name":"(anonymous_15)","decl":{"start":{"line":172,"column":2},"end":{"line":172,"column":7}},"loc":{"start":{"line":172,"column":45},"end":{"line":174,"column":3}}},"14":{"name":"(anonymous_16)","decl":{"start":{"line":176,"column":2},"end":{"line":176,"column":7}},"loc":{"start":{"line":176,"column":49},"end":{"line":178,"column":3}}},"15":{"name":"(anonymous_17)","decl":{"start":{"line":180,"column":2},"end":{"line":180,"column":7}},"loc":{"start":{"line":180,"column":31},"end":{"line":187,"column":3}}},"16":{"name":"(anonymous_18)","decl":{"start":{"line":189,"column":2},"end":{"line":189,"column":7}},"loc":{"start":{"line":189,"column":70},"end":{"line":196,"column":3}}},"17":{"name":"(anonymous_19)","decl":{"start":{"line":198,"column":2},"end":{"line":198,"column":7}},"loc":{"start":{"line":200,"column":17},"end":{"line":205,"column":3}}},"18":{"name":"(anonymous_20)","decl":{"start":{"line":207,"column":2},"end":{"line":207,"column":7}},"loc":{"start":{"line":207,"column":44},"end":{"line":209,"column":3}}},"19":{"name":"(anonymous_21)","decl":{"start":{"line":211,"column":2},"end":{"line":211,"column":7}},"loc":{"start":{"line":211,"column":53},"end":{"line":230,"column":3}}},"20":{"name":"(anonymous_22)","decl":{"start":{"line":232,"column":2},"end":{"line":232,"column":7}},"loc":{"start":{"line":232,"column":63},"end":{"line":250,"column":3}}},"21":{"name":"(anonymous_23)","decl":{"start":{"line":252,"column":2},"end":{"line":252,"column":7}},"loc":{"start":{"line":252,"column":43},"end":{"line":275,"column":3}}},"22":{"name":"(anonymous_24)","decl":{"start":{"line":277,"column":2},"end":{"line":277,"column":7}},"loc":{"start":{"line":277,"column":54},"end":{"line":302,"column":3}}},"23":{"name":"(anonymous_25)","decl":{"start":{"line":304,"column":10},"end":{"line":304,"column":15}},"loc":{"start":{"line":304,"column":33},"end":{"line":307,"column":3}}},"24":{"name":"(anonymous_26)","decl":{"start":{"line":309,"column":10},"end":{"line":309,"column":15}},"loc":{"start":{"line":309,"column":20},"end":{"line":317,"column":3}}}},"branchMap":{"0":{"loc":{"start":{"line":89,"column":47},"end":{"line":89,"column":85}},"type":"binary-expr","locations":[{"start":{"line":89,"column":47},"end":{"line":89,"column":85}},{"start":{"line":89,"column":89},"end":{"line":89,"column":114}}]},"1":{"loc":{"start":{"line":90,"column":40},"end":{"line":90,"column":71}},"type":"binary-expr","locations":[{"start":{"line":90,"column":40},"end":{"line":90,"column":71}},{"start":{"line":90,"column":75},"end":{"line":90,"column":79}}]},"2":{"loc":{"start":{"line":52,"column":18},"end":{"line":52,"column":24}},"type":"binary-expr","locations":[{"start":{"line":52,"column":18},"end":{"line":52,"column":24}},{"start":{"line":52,"column":28},"end":{"line":52,"column":39}}]},"3":{"loc":{"start":{"line":60,"column":8},"end":{"line":60,"column":25}},"type":"binary-expr","locations":[{"start":{"line":60,"column":8},"end":{"line":60,"column":25}},{"start":{"line":60,"column":29},"end":{"line":60,"column":52}}]},"4":{"loc":{"start":{"line":104,"column":21},"end":{"line":104,"column":59}},"type":"binary-expr","locations":[{"start":{"line":104,"column":21},"end":{"line":104,"column":59}},{"start":{"line":104,"column":63},"end":{"line":104,"column":88}}]},"5":{"loc":{"start":{"line":105,"column":15},"end":{"line":105,"column":53}},"type":"binary-expr","locations":[{"start":{"line":105,"column":15},"end":{"line":105,"column":53}},{"start":{"line":105,"column":57},"end":{"line":105,"column":82}}]},"6":{"loc":{"start":{"line":106,"column":14},"end":{"line":106,"column":45}},"type":"binary-expr","locations":[{"start":{"line":106,"column":14},"end":{"line":106,"column":45}},{"start":{"line":106,"column":49},"end":{"line":106,"column":53}}]},"7":{"loc":{"start":{"line":154,"column":4},"end":{"line":156,"column":null}},"type":"if","locations":[{"start":{"line":154,"column":4},"end":{"line":156,"column":null}},{"start":{"line":154,"column":4},"end":{"line":156,"column":null}}]},"8":{"loc":{"start":{"line":159,"column":4},"end":{"line":161,"column":null}},"type":"if","locations":[{"start":{"line":159,"column":4},"end":{"line":161,"column":null}},{"start":{"line":159,"column":4},"end":{"line":161,"column":null}}]},"9":{"loc":{"start":{"line":165,"column":4},"end":{"line":169,"column":null}},"type":"if","locations":[{"start":{"line":165,"column":4},"end":{"line":169,"column":null}},{"start":{"line":165,"column":4},"end":{"line":169,"column":null}}]},"10":{"loc":{"start":{"line":185,"column":34},"end":{"line":185,"column":44}},"type":"binary-expr","locations":[{"start":{"line":185,"column":34},"end":{"line":185,"column":44}},{"start":{"line":185,"column":48},"end":{"line":185,"column":65}},{"start":{"line":185,"column":70},"end":{"line":185,"column":78}},{"start":{"line":185,"column":82},"end":{"line":185,"column":85}}]},"11":{"loc":{"start":{"line":194,"column":34},"end":{"line":194,"column":44}},"type":"binary-expr","locations":[{"start":{"line":194,"column":34},"end":{"line":194,"column":44}},{"start":{"line":194,"column":48},"end":{"line":194,"column":65}},{"start":{"line":194,"column":70},"end":{"line":194,"column":78}},{"start":{"line":194,"column":82},"end":{"line":194,"column":85}}]},"12":{"loc":{"start":{"line":216,"column":11},"end":{"line":216,"column":49}},"type":"binary-expr","locations":[{"start":{"line":216,"column":11},"end":{"line":216,"column":49}},{"start":{"line":216,"column":53},"end":{"line":216,"column":78}}]},"13":{"loc":{"start":{"line":228,"column":33},"end":{"line":228,"column":41}},"type":"binary-expr","locations":[{"start":{"line":228,"column":33},"end":{"line":228,"column":41}},{"start":{"line":228,"column":45},"end":{"line":228,"column":68}}]},"14":{"loc":{"start":{"line":248,"column":33},"end":{"line":248,"column":41}},"type":"binary-expr","locations":[{"start":{"line":248,"column":33},"end":{"line":248,"column":41}},{"start":{"line":248,"column":45},"end":{"line":248,"column":68}}]},"15":{"loc":{"start":{"line":259,"column":11},"end":{"line":259,"column":49}},"type":"binary-expr","locations":[{"start":{"line":259,"column":11},"end":{"line":259,"column":49}},{"start":{"line":259,"column":53},"end":{"line":259,"column":78}}]},"16":{"loc":{"start":{"line":273,"column":33},"end":{"line":273,"column":41}},"type":"binary-expr","locations":[{"start":{"line":273,"column":33},"end":{"line":273,"column":41}},{"start":{"line":273,"column":45},"end":{"line":273,"column":68}}]},"17":{"loc":{"start":{"line":282,"column":4},"end":{"line":284,"column":null}},"type":"if","locations":[{"start":{"line":282,"column":4},"end":{"line":284,"column":null}},{"start":{"line":282,"column":4},"end":{"line":284,"column":null}}]},"18":{"loc":{"start":{"line":286,"column":4},"end":{"line":288,"column":null}},"type":"if","locations":[{"start":{"line":286,"column":4},"end":{"line":288,"column":null}},{"start":{"line":286,"column":4},"end":{"line":288,"column":null}}]},"19":{"loc":{"start":{"line":291,"column":9},"end":{"line":291,"column":47}},"type":"binary-expr","locations":[{"start":{"line":291,"column":9},"end":{"line":291,"column":47}},{"start":{"line":291,"column":51},"end":{"line":291,"column":76}}]},"20":{"loc":{"start":{"line":301,"column":58},"end":{"line":301,"column":61}},"type":"binary-expr","locations":[{"start":{"line":301,"column":58},"end":{"line":301,"column":61}},{"start":{"line":301,"column":65},"end":{"line":301,"column":67}}]}},"s":{"0":1,"1":1,"2":1,"3":1,"4":1,"5":1,"6":1,"7":1,"8":1,"9":1,"10":1,"11":1,"12":1,"13":1,"14":1,"15":1,"16":1,"17":1,"18":1,"19":0,"20":0,"21":0,"22":0,"23":0,"24":0,"25":2,"26":0,"27":0,"28":0,"29":0,"30":0,"31":0,"32":0,"33":0,"34":0,"35":0,"36":0,"37":0,"38":0,"39":0,"40":0,"41":0,"42":0,"43":0,"44":0,"45":0,"46":0,"47":0,"48":0,"49":0,"50":0,"51":0,"52":0,"53":0,"54":0,"55":0,"56":0,"57":0,"58":0,"59":0,"60":0,"61":0,"62":0,"63":0,"64":0,"65":0,"66":0,"67":0,"68":0,"69":0,"70":0,"71":0,"72":0,"73":0,"74":0,"75":0,"76":0,"77":0,"78":0,"79":0,"80":0,"81":0,"82":0,"83":0,"84":0,"85":0,"86":0,"87":0,"88":0,"89":1,"90":1},"f":{"0":1,"1":0,"2":2,"3":0,"4":0,"5":0,"6":0,"7":0,"8":0,"9":0,"10":0,"11":0,"12":0,"13":0,"14":0,"15":0,"16":0,"17":0,"18":0,"19":0,"20":0,"21":0,"22":0,"23":0,"24":0},"b":{"0":[1,1],"1":[1,1],"2":[0,0],"3":[0,0],"4":[2,0],"5":[2,0],"6":[2,0],"7":[0,0],"8":[0,0],"9":[0,0],"10":[0,0,0,0],"11":[0,0,0,0],"12":[0,0],"13":[0,0],"14":[0,0],"15":[0,0],"16":[0,0],"17":[0,0],"18":[0,0],"19":[0,0],"20":[0,0]}}
,"/Users/sofyan.ahmad/Projects/mandalalabs/magishift.core/packages/keycloak/src/main.ts": {"path":"/Users/sofyan.ahmad/Projects/mandalalabs/magishift.core/packages/keycloak/src/main.ts","statementMap":{"0":{"start":{"line":1,"column":0},"end":{"line":1,"column":43}},"1":{"start":{"line":2,"column":0},"end":{"line":2,"column":34}},"2":{"start":{"line":3,"column":0},"end":{"line":3,"column":51}},"3":{"start":{"line":5,"column":19},"end":{"line":7,"column":2}},"4":{"start":{"line":10,"column":14},"end":{"line":10,"column":54}},"5":{"start":{"line":11,"column":2},"end":{"line":11,"column":36}},"6":{"start":{"line":13,"column":2},"end":{"line":13,"column":72}},"7":{"start":{"line":16,"column":0},"end":{"line":16,"column":12}}},"fnMap":{"0":{"name":"bootstrap","decl":{"start":{"line":9,"column":15},"end":{"line":9,"column":24}},"loc":{"start":{"line":9,"column":24},"end":{"line":14,"column":1}}}},"branchMap":{},"s":{"0":0,"1":0,"2":0,"3":0,"4":0,"5":0,"6":0,"7":0},"f":{"0":0},"b":{}}
,"/Users/sofyan.ahmad/Projects/mandalalabs/magishift.core/packages/keycloak/src/interfaces/tokenPayload.interface.ts": {"path":"/Users/sofyan.ahmad/Projects/mandalalabs/magishift.core/packages/keycloak/src/interfaces/tokenPayload.interface.ts","statementMap":{"0":{"start":{"line":1,"column":0},"end":{"line":1,"column":22}}},"fnMap":{},"branchMap":{},"s":{"0":1},"f":{},"b":{}}
}
