TN:
SF:/Users/sofyan.ahmad/Projects/mandalalabs/magishift.core/packages/keycloak/src/index.ts
FNF:0
FNH:0
DA:1,1
DA:2,1
DA:3,1
DA:5,1
LF:4
LH:4
BRF:0
BRH:0
end_of_record
TN:
SF:/Users/sofyan.ahmad/Projects/mandalalabs/magishift.core/packages/keycloak/src/keycloak.controller.ts
FN:9,(anonymous_4)
FN:12,(anonymous_5)
FN:21,(anonymous_6)
FNF:3
FNH:3
FNDA:1,(anonymous_4)
FNDA:1,(anonymous_5)
FNDA:1,(anonymous_6)
DA:1,1
DA:2,1
DA:3,1
DA:4,1
DA:8,1
DA:9,1
DA:12,1
DA:13,1
DA:14,1
DA:16,0
DA:21,1
DA:22,1
DA:23,1
DA:25,0
LF:14
LH:12
BRF:0
BRH:0
end_of_record
TN:
SF:/Users/sofyan.ahmad/Projects/mandalalabs/magishift.core/packages/keycloak/src/keycloak.module.ts
FNF:0
FNH:0
DA:1,1
DA:2,1
DA:3,1
DA:4,1
DA:5,1
DA:6,1
DA:8,1
DA:12,1
DA:14,1
DA:26,1
LF:10
LH:10
BRF:0
BRH:0
end_of_record
TN:
SF:/Users/sofyan.ahmad/Projects/mandalalabs/magishift.core/packages/keycloak/src/keycloak.service.ts
FN:70,(anonymous_2)
FN:39,(anonymous_3)
FN:98,(anonymous_4)
FN:110,(anonymous_5)
FN:114,(anonymous_6)
FN:120,(anonymous_7)
FN:126,(anonymous_8)
FN:132,(anonymous_9)
FN:138,(anonymous_10)
FN:142,(anonymous_11)
FN:146,(anonymous_12)
FN:150,(anonymous_13)
FN:164,(anonymous_14)
FN:172,(anonymous_15)
FN:176,(anonymous_16)
FN:180,(anonymous_17)
FN:189,(anonymous_18)
FN:198,(anonymous_19)
FN:207,(anonymous_20)
FN:211,(anonymous_21)
FN:232,(anonymous_22)
FN:252,(anonymous_23)
FN:277,(anonymous_24)
FN:304,(anonymous_25)
FN:309,(anonymous_26)
FNF:25
FNH:2
FNDA:1,(anonymous_2)
FNDA:0,(anonymous_3)
FNDA:2,(anonymous_4)
FNDA:0,(anonymous_5)
FNDA:0,(anonymous_6)
FNDA:0,(anonymous_7)
FNDA:0,(anonymous_8)
FNDA:0,(anonymous_9)
FNDA:0,(anonymous_10)
FNDA:0,(anonymous_11)
FNDA:0,(anonymous_12)
FNDA:0,(anonymous_13)
FNDA:0,(anonymous_14)
FNDA:0,(anonymous_15)
FNDA:0,(anonymous_16)
FNDA:0,(anonymous_17)
FNDA:0,(anonymous_18)
FNDA:0,(anonymous_19)
FNDA:0,(anonymous_20)
FNDA:0,(anonymous_21)
FNDA:0,(anonymous_22)
FNDA:0,(anonymous_23)
FNDA:0,(anonymous_24)
FNDA:0,(anonymous_25)
FNDA:0,(anonymous_26)
DA:1,1
DA:2,1
DA:3,1
DA:4,1
DA:6,1
DA:7,1
DA:11,1
DA:12,1
DA:38,1
DA:46,0
DA:48,0
DA:49,0
DA:56,0
DA:58,0
DA:70,1
DA:71,1
DA:72,1
DA:81,1
DA:86,1
DA:87,1
DA:89,1
DA:90,1
DA:92,1
DA:94,0
DA:99,2
DA:111,0
DA:115,0
DA:117,0
DA:121,0
DA:123,0
DA:127,0
DA:129,0
DA:133,0
DA:135,0
DA:139,0
DA:143,0
DA:147,0
DA:151,0
DA:153,0
DA:154,0
DA:155,0
DA:158,0
DA:159,0
DA:160,0
DA:165,0
DA:166,0
DA:168,0
DA:173,0
DA:177,0
DA:181,0
DA:182,0
DA:183,0
DA:185,0
DA:190,0
DA:191,0
DA:192,0
DA:194,0
DA:204,0
DA:208,0
DA:212,0
DA:213,0
DA:215,0
DA:226,0
DA:228,0
DA:233,0
DA:234,0
DA:242,0
DA:244,0
DA:246,0
DA:248,0
DA:253,0
DA:254,0
DA:256,0
DA:258,0
DA:269,0
DA:271,0
DA:273,0
DA:278,0
DA:280,0
DA:282,0
DA:283,0
DA:286,0
DA:287,0
DA:290,0
DA:301,0
DA:305,0
DA:306,0
DA:310,0
LF:88
LH:19
BRDA:89,0,0,1
BRDA:89,0,1,1
BRDA:90,1,0,1
BRDA:90,1,1,1
BRDA:52,2,0,0
BRDA:52,2,1,0
BRDA:60,3,0,0
BRDA:60,3,1,0
BRDA:104,4,0,2
BRDA:104,4,1,0
BRDA:105,5,0,2
BRDA:105,5,1,0
BRDA:106,6,0,2
BRDA:106,6,1,0
BRDA:154,7,0,0
BRDA:154,7,1,0
BRDA:159,8,0,0
BRDA:159,8,1,0
BRDA:165,9,0,0
BRDA:165,9,1,0
BRDA:185,10,0,0
BRDA:185,10,1,0
BRDA:185,10,2,0
BRDA:185,10,3,0
BRDA:194,11,0,0
BRDA:194,11,1,0
BRDA:194,11,2,0
BRDA:194,11,3,0
BRDA:216,12,0,0
BRDA:216,12,1,0
BRDA:228,13,0,0
BRDA:228,13,1,0
BRDA:248,14,0,0
BRDA:248,14,1,0
BRDA:259,15,0,0
BRDA:259,15,1,0
BRDA:273,16,0,0
BRDA:273,16,1,0
BRDA:282,17,0,0
BRDA:282,17,1,0
BRDA:286,18,0,0
BRDA:286,18,1,0
BRDA:291,19,0,0
BRDA:291,19,1,0
BRDA:301,20,0,0
BRDA:301,20,1,0
BRF:46
BRH:7
end_of_record
TN:
SF:/Users/sofyan.ahmad/Projects/mandalalabs/magishift.core/packages/keycloak/src/main.ts
FN:9,bootstrap
FNF:1
FNH:0
FNDA:0,bootstrap
DA:1,0
DA:2,0
DA:3,0
DA:5,0
DA:10,0
DA:11,0
DA:13,0
DA:16,0
LF:8
LH:0
BRF:0
BRH:0
end_of_record
TN:
SF:/Users/sofyan.ahmad/Projects/mandalalabs/magishift.core/packages/keycloak/src/interfaces/tokenPayload.interface.ts
FNF:0
FNH:0
DA:1,1
LF:1
LH:1
BRF:0
BRH:0
end_of_record
